<?xml version="1.0" encoding="UTF-8"?>
<robot generator="Robot 4.1.3 (Python 3.10.2 on win32)" generated="20220214 17:15:49.801" rpa="false" schemaversion="2">
<suite id="s1" name="Verify Valid" source="D:\Project RobotFramework\login_suite\verify_valid.robot">
<test id="s1-t1" name="TC1">
<kw name="Launch Browser" library="common_functionality" type="SETUP">
<kw name="Set Local Variable" library="BuiltIn">
<arg>${driver_path}</arg>
<arg>chromedriver</arg>
<doc>Makes a variable available everywhere within the local scope.</doc>
<msg timestamp="20220214 17:15:50.011" level="INFO">${driver_path} = chromedriver</msg>
<status status="PASS" starttime="20220214 17:15:50.011" endtime="20220214 17:15:50.011"/>
</kw>
<kw name="Open Browser" library="SeleniumLibrary">
<arg>browser=${BROWSER_NAME}</arg>
<arg>executable_path=${EXECDIR}${/}drivers${/}${driver_path}</arg>
<doc>Opens a new browser instance to the optional ``url``.</doc>
<msg timestamp="20220214 17:15:50.011" level="INFO">Opening browser 'chrome' to base url 'None'.</msg>
<status status="PASS" starttime="20220214 17:15:50.011" endtime="20220214 17:15:51.076"/>
</kw>
<kw name="Maximize Browser Window" library="SeleniumLibrary">
<doc>Maximizes current browser window.</doc>
<status status="PASS" starttime="20220214 17:15:51.076" endtime="20220214 17:15:51.215"/>
</kw>
<kw name="Set Selenium Implicit Wait" library="SeleniumLibrary">
<arg>30s</arg>
<doc>Sets the implicit wait value used by Selenium.</doc>
<status status="PASS" starttime="20220214 17:15:51.216" endtime="20220214 17:15:51.217"/>
</kw>
<kw name="Set Screenshot Directory" library="SeleniumLibrary">
<arg>${EXECDIR}${/}screenshot</arg>
<doc>Sets the directory for captured screenshots.</doc>
<status status="PASS" starttime="20220214 17:15:51.217" endtime="20220214 17:15:51.218"/>
</kw>
<kw name="Go To" library="SeleniumLibrary">
<arg>url=${URL}</arg>
<doc>Navigates the current browser window to the provided ``url``.</doc>
<msg timestamp="20220214 17:15:51.219" level="INFO">Opening url 'https://opensource-demo.orangehrmlive.com/'</msg>
<status status="PASS" starttime="20220214 17:15:51.218" endtime="20220214 17:15:56.530"/>
</kw>
<status status="PASS" starttime="20220214 17:15:50.011" endtime="20220214 17:15:56.531"/>
</kw>
<kw name="Verify Valid Credential Template">
<arg>Admin</arg>
<arg>admin123</arg>
<kw name="Input Text" library="SeleniumLibrary">
<arg>id=txtUsername</arg>
<arg>${username}</arg>
<doc>Types the given ``text`` into the text field identified by ``locator``.</doc>
<msg timestamp="20220214 17:15:56.533" level="INFO">Typing text 'Admin' into text field 'id=txtUsername'.</msg>
<status status="PASS" starttime="20220214 17:15:56.532" endtime="20220214 17:15:56.668"/>
</kw>
<kw name="Input Password" library="SeleniumLibrary">
<arg>id=txtPassword</arg>
<arg>${password}</arg>
<doc>Types the given password into the text field identified by ``locator``.</doc>
<msg timestamp="20220214 17:15:56.669" level="INFO">Typing password into text field 'id=txtPassword'.</msg>
<msg timestamp="20220214 17:15:56.726" level="INFO">Temporally setting log level to: NONE</msg>
<msg timestamp="20220214 17:15:56.764" level="INFO">Log level changed from NONE to INFO.</msg>
<status status="PASS" starttime="20220214 17:15:56.668" endtime="20220214 17:15:56.764"/>
</kw>
<kw name="Click Login" library="login_page">
<kw name="Click Element" library="SeleniumLibrary">
<arg>${LOGIN_LOCATOR}</arg>
<doc>Click the element identified by ``locator``.</doc>
<msg timestamp="20220214 17:15:56.765" level="INFO">Clicking element 'name=Submit'.</msg>
<status status="PASS" starttime="20220214 17:15:56.764" endtime="20220214 17:15:58.516"/>
</kw>
<status status="PASS" starttime="20220214 17:15:56.764" endtime="20220214 17:15:58.518"/>
</kw>
<kw name="Click Element" library="SeleniumLibrary">
<arg>${MYINFO_LOCATOR}</arg>
<doc>Click the element identified by ``locator``.</doc>
<msg timestamp="20220214 17:15:58.519" level="INFO">Clicking element 'xpath=//b[text()='My Info']'.</msg>
<msg timestamp="20220214 17:16:28.729" level="INFO" html="true">&lt;/td&gt;&lt;/tr&gt;&lt;tr&gt;&lt;td colspan="3"&gt;&lt;a href="screenshot/selenium-screenshot-44.png"&gt;&lt;img src="screenshot/selenium-screenshot-44.png" width="800px"&gt;&lt;/a&gt;</msg>
<msg timestamp="20220214 17:16:28.731" level="FAIL">Element with locator 'xpath=//b[text()='My Info']' not found.</msg>
<status status="FAIL" starttime="20220214 17:15:58.518" endtime="20220214 17:16:28.731"/>
</kw>
<kw name="Click Element" library="SeleniumLibrary">
<arg>${MYINFO_LOCATOR}</arg>
<doc>Click the element identified by ``locator``.</doc>
<status status="NOT RUN" starttime="20220214 17:16:28.731" endtime="20220214 17:16:28.731"/>
</kw>
<kw name="Click Element" library="SeleniumLibrary">
<arg>xpath=//*[@id="menu_buzz_viewBuzz"]/b</arg>
<doc>Click the element identified by ``locator``.</doc>
<status status="NOT RUN" starttime="20220214 17:16:28.731" endtime="20220214 17:16:28.731"/>
</kw>
<status status="FAIL" starttime="20220214 17:15:56.531" endtime="20220214 17:16:28.731"/>
</kw>
<kw name="End Browser" library="common_functionality" type="TEARDOWN">
<kw name="Capture Page Screenshot" library="SeleniumLibrary">
<doc>Takes a screenshot of the current page and embeds it into a log file.</doc>
<msg timestamp="20220214 17:16:28.979" level="INFO" html="true">&lt;/td&gt;&lt;/tr&gt;&lt;tr&gt;&lt;td colspan="3"&gt;&lt;a href="screenshot/selenium-screenshot-45.png"&gt;&lt;img src="screenshot/selenium-screenshot-45.png" width="800px"&gt;&lt;/a&gt;</msg>
<status status="PASS" starttime="20220214 17:16:28.731" endtime="20220214 17:16:28.979"/>
</kw>
<kw name="Close Browser" library="SeleniumLibrary">
<doc>Closes the current browser.</doc>
<status status="PASS" starttime="20220214 17:16:28.979" endtime="20220214 17:16:31.221"/>
</kw>
<status status="PASS" starttime="20220214 17:16:28.731" endtime="20220214 17:16:31.222"/>
</kw>
<status status="FAIL" starttime="20220214 17:15:50.011" endtime="20220214 17:16:31.222">Element with locator 'xpath=//b[text()='My Info']' not found.</status>
</test>
<test id="s1-t2" name="TC1">
<kw name="Launch Browser" library="common_functionality" type="SETUP">
<kw name="Set Local Variable" library="BuiltIn">
<arg>${driver_path}</arg>
<arg>chromedriver</arg>
<doc>Makes a variable available everywhere within the local scope.</doc>
<msg timestamp="20220214 17:16:31.225" level="INFO">${driver_path} = chromedriver</msg>
<status status="PASS" starttime="20220214 17:16:31.225" endtime="20220214 17:16:31.225"/>
</kw>
<kw name="Open Browser" library="SeleniumLibrary">
<arg>browser=${BROWSER_NAME}</arg>
<arg>executable_path=${EXECDIR}${/}drivers${/}${driver_path}</arg>
<doc>Opens a new browser instance to the optional ``url``.</doc>
<msg timestamp="20220214 17:16:31.225" level="INFO">Opening browser 'chrome' to base url 'None'.</msg>
<status status="PASS" starttime="20220214 17:16:31.225" endtime="20220214 17:16:32.403"/>
</kw>
<kw name="Maximize Browser Window" library="SeleniumLibrary">
<doc>Maximizes current browser window.</doc>
<status status="PASS" starttime="20220214 17:16:32.403" endtime="20220214 17:16:32.542"/>
</kw>
<kw name="Set Selenium Implicit Wait" library="SeleniumLibrary">
<arg>30s</arg>
<doc>Sets the implicit wait value used by Selenium.</doc>
<status status="PASS" starttime="20220214 17:16:32.543" endtime="20220214 17:16:32.546"/>
</kw>
<kw name="Set Screenshot Directory" library="SeleniumLibrary">
<arg>${EXECDIR}${/}screenshot</arg>
<doc>Sets the directory for captured screenshots.</doc>
<status status="PASS" starttime="20220214 17:16:32.546" endtime="20220214 17:16:32.546"/>
</kw>
<kw name="Go To" library="SeleniumLibrary">
<arg>url=${URL}</arg>
<doc>Navigates the current browser window to the provided ``url``.</doc>
<msg timestamp="20220214 17:16:32.546" level="INFO">Opening url 'https://opensource-demo.orangehrmlive.com/'</msg>
<status status="PASS" starttime="20220214 17:16:32.546" endtime="20220214 17:16:38.637"/>
</kw>
<status status="PASS" starttime="20220214 17:16:31.225" endtime="20220214 17:16:38.638"/>
</kw>
<kw name="Verify Valid Credential Template">
<arg>Admin</arg>
<arg>admin123</arg>
<kw name="Input Text" library="SeleniumLibrary">
<arg>id=txtUsername</arg>
<arg>${username}</arg>
<doc>Types the given ``text`` into the text field identified by ``locator``.</doc>
<msg timestamp="20220214 17:16:38.639" level="INFO">Typing text 'Admin' into text field 'id=txtUsername'.</msg>
<status status="PASS" starttime="20220214 17:16:38.638" endtime="20220214 17:16:38.712"/>
</kw>
<kw name="Input Password" library="SeleniumLibrary">
<arg>id=txtPassword</arg>
<arg>${password}</arg>
<doc>Types the given password into the text field identified by ``locator``.</doc>
<msg timestamp="20220214 17:16:38.713" level="INFO">Typing password into text field 'id=txtPassword'.</msg>
<msg timestamp="20220214 17:16:38.753" level="INFO">Temporally setting log level to: NONE</msg>
<msg timestamp="20220214 17:16:38.788" level="INFO">Log level changed from NONE to INFO.</msg>
<status status="PASS" starttime="20220214 17:16:38.712" endtime="20220214 17:16:38.789"/>
</kw>
<kw name="Click Login" library="login_page">
<kw name="Click Element" library="SeleniumLibrary">
<arg>${LOGIN_LOCATOR}</arg>
<doc>Click the element identified by ``locator``.</doc>
<msg timestamp="20220214 17:16:38.789" level="INFO">Clicking element 'name=Submit'.</msg>
<status status="PASS" starttime="20220214 17:16:38.789" endtime="20220214 17:16:40.109"/>
</kw>
<status status="PASS" starttime="20220214 17:16:38.789" endtime="20220214 17:16:40.109"/>
</kw>
<kw name="Click Element" library="SeleniumLibrary">
<arg>${MYINFO_LOCATOR}</arg>
<doc>Click the element identified by ``locator``.</doc>
<msg timestamp="20220214 17:16:40.110" level="INFO">Clicking element 'xpath=//b[text()='My Info']'.</msg>
<msg timestamp="20220214 17:17:10.347" level="INFO" html="true">&lt;/td&gt;&lt;/tr&gt;&lt;tr&gt;&lt;td colspan="3"&gt;&lt;a href="screenshot/selenium-screenshot-46.png"&gt;&lt;img src="screenshot/selenium-screenshot-46.png" width="800px"&gt;&lt;/a&gt;</msg>
<msg timestamp="20220214 17:17:10.350" level="FAIL">Element with locator 'xpath=//b[text()='My Info']' not found.</msg>
<status status="FAIL" starttime="20220214 17:16:40.109" endtime="20220214 17:17:10.350"/>
</kw>
<kw name="Click Element" library="SeleniumLibrary">
<arg>${MYINFO_LOCATOR}</arg>
<doc>Click the element identified by ``locator``.</doc>
<status status="NOT RUN" starttime="20220214 17:17:10.350" endtime="20220214 17:17:10.350"/>
</kw>
<kw name="Click Element" library="SeleniumLibrary">
<arg>xpath=//*[@id="menu_buzz_viewBuzz"]/b</arg>
<doc>Click the element identified by ``locator``.</doc>
<status status="NOT RUN" starttime="20220214 17:17:10.350" endtime="20220214 17:17:10.350"/>
</kw>
<status status="FAIL" starttime="20220214 17:16:38.638" endtime="20220214 17:17:10.350"/>
</kw>
<kw name="End Browser" library="common_functionality" type="TEARDOWN">
<kw name="Capture Page Screenshot" library="SeleniumLibrary">
<doc>Takes a screenshot of the current page and embeds it into a log file.</doc>
<msg timestamp="20220214 17:17:10.500" level="INFO" html="true">&lt;/td&gt;&lt;/tr&gt;&lt;tr&gt;&lt;td colspan="3"&gt;&lt;a href="screenshot/selenium-screenshot-47.png"&gt;&lt;img src="screenshot/selenium-screenshot-47.png" width="800px"&gt;&lt;/a&gt;</msg>
<status status="PASS" starttime="20220214 17:17:10.350" endtime="20220214 17:17:10.500"/>
</kw>
<kw name="Close Browser" library="SeleniumLibrary">
<doc>Closes the current browser.</doc>
<status status="PASS" starttime="20220214 17:17:10.500" endtime="20220214 17:17:12.727"/>
</kw>
<status status="PASS" starttime="20220214 17:17:10.350" endtime="20220214 17:17:12.727"/>
</kw>
<status status="FAIL" starttime="20220214 17:16:31.225" endtime="20220214 17:17:12.728">Element with locator 'xpath=//b[text()='My Info']' not found.</status>
</test>
<doc>This suite file verifies all test cases related to valid credentials</doc>
<status status="FAIL" starttime="20220214 17:15:49.803" endtime="20220214 17:17:12.733"/>
</suite>
<statistics>
<total>
<stat pass="0" fail="2" skip="0">All Tests</stat>
</total>
<tag>
</tag>
<suite>
<stat pass="0" fail="2" skip="0" id="s1" name="Verify Valid">Verify Valid</stat>
</suite>
</statistics>
<errors>
<msg timestamp="20220214 17:16:31.225" level="WARN">Multiple test cases with name 'TC1' executed in test suite 'Verify Valid'.</msg>
</errors>
</robot>
